<?xml version="1.0" encoding="utf-8" standalone="no"?>
<!--This file represents the results of running a test suite-->
<test-results name="D:\Work\Txtfeedback\Repository Git\txtFeedback\TxtFeedback_tests\bin\Debug\TxtFeedback_tests.dll" total="6" errors="0" failures="0" not-run="0" inconclusive="0" ignored="0" skipped="0" invalid="0" date="2012-10-30" time="19:52:57">
  <environment nunit-version="2.6.2.12296" clr-version="2.0.50727.5456" os-version="Microsoft Windows NT 6.1.7601 Service Pack 1" platform="Win32NT" cwd="D:\Work\Txtfeedback\Repository Git\txtFeedback\TxtFeedback_tests\bin\Debug" machine-name="MIHAI-PC" user="Mihai" user-domain="Mihai-PC" />
  <culture-info current-culture="en-US" current-uiculture="en-US" />
  <test-suite type="Assembly" name="D:\Work\Txtfeedback\Repository Git\txtFeedback\TxtFeedback_tests\bin\Debug\TxtFeedback_tests.dll" executed="True" result="Success" success="True" time="8.786" asserts="0">
    <results>
      <test-suite type="Namespace" name="TxtFeedback_tests" executed="True" result="Success" success="True" time="8.765" asserts="0">
        <results>
          <test-suite type="Namespace" name="EF" executed="True" result="Success" success="True" time="8.765" asserts="0">
            <results>
              <test-suite type="TestFixture" name="ComponentControllerTest" executed="True" result="Success" success="True" time="8.763" asserts="0">
                <results>
                  <test-case name="TxtFeedback_tests.EF.ComponentControllerTest.SaveMessage_ImAddressAndWrongSmsIndicator_returnsMessageWithInvalidDirection" executed="True" result="Success" success="True" time="6.691" asserts="3" />
                  <test-case name="TxtFeedback_tests.EF.ComponentControllerTest.SaveMessage_imMessageToClient_SuccessJsonReturned" executed="True" result="Success" success="True" time="1.178" asserts="3" />
                  <test-case name="TxtFeedback_tests.EF.ComponentControllerTest.SaveMessage_imMessageToStaff_SuccessJsonReturned" executed="True" result="Success" success="True" time="0.228" asserts="3" />
                  <test-case name="TxtFeedback_tests.EF.ComponentControllerTest.SaveMessage_InvalidConvIdFromCombination_returnsMessageWithInvalidDirection" executed="True" result="Success" success="True" time="0.041" asserts="3" />
                  <test-case name="TxtFeedback_tests.EF.ComponentControllerTest.SaveMessage_invalidWPID_returnsMessageWithInvalidWpID" executed="True" result="Success" success="True" time="0.151" asserts="3" />
                  <test-case name="TxtFeedback_tests.EF.ComponentControllerTest.SaveMessage_smsMessageToStaff_SuccessJsonReturned" executed="True" result="Success" success="True" time="0.223" asserts="3" />
                </results>
              </test-suite>
            </results>
          </test-suite>
        </results>
      </test-suite>
    </results>
  </test-suite>
</test-results>